2017-06-12 22:31:44.908 La columna ""DELETEME1497317504900"."UNUSED"" añadió a la representación de la table.
2017-06-12 22:31:44.913 Attempt to find JDBC driver 'typeInfo' for jdbc-type=INTEGER but sql-type=INTEGER is not found. Using default sql-type for this jdbc-type.
2017-06-12 22:31:44.914 Crear la tabla "DELETEME1497317504900"
2017-06-12 22:31:44.917 CREATE TABLE "DELETEME1497317504900"
(
    "UNUSED" int4 NOT NULL
)
2017-06-12 22:31:44.923 Tiempo de cumplir = 5 ms
2017-06-12 22:31:44.930 No era posible determinar el nombre del catalogo por este DataStore
2017-06-12 22:31:44.930 Borrar la tabla "DELETEME1497317504900"
2017-06-12 22:31:44.930 DROP TABLE "DELETEME1497317504900" CASCADE
2017-06-12 22:31:44.932 Tiempo de cumplir = 2 ms
2017-06-12 22:31:45.443 La columna ""DELETEME1497317505443"."UNUSED"" añadió a la representación de la table.
2017-06-12 22:31:45.444 Attempt to find JDBC driver 'typeInfo' for jdbc-type=INTEGER but sql-type=INTEGER is not found. Using default sql-type for this jdbc-type.
2017-06-12 22:31:45.444 Crear la tabla "DELETEME1497317505443"
2017-06-12 22:31:45.444 CREATE TABLE "DELETEME1497317505443"
(
    "UNUSED" int4 NOT NULL
)
2017-06-12 22:31:45.447 Tiempo de cumplir = 3 ms
2017-06-12 22:31:45.453 No era posible determinar el nombre del catalogo por este DataStore
2017-06-12 22:31:45.453 Borrar la tabla "DELETEME1497317505443"
2017-06-12 22:31:45.453 DROP TABLE "DELETEME1497317505443" CASCADE
2017-06-12 22:31:45.454 Tiempo de cumplir = 1 ms
2017-06-12 22:31:45.670 La columna ""simple"."Marca"."id"" añadió a la representación de la table.
2017-06-12 22:31:45.670 Attempt to find JDBC driver 'typeInfo' for jdbc-type=BIGINT but sql-type=BIGINT is not found. Using default sql-type for this jdbc-type.
2017-06-12 22:31:45.671 Campo [DATASTORE_ID] -> Columnas ["simple"."Marca"."id"] usando mapping del tipo "org.datanucleus.store.rdbms.mapping.java.DatastoreIdMapping" (org.datanucleus.store.rdbms.mapping.datastore.BigIntRDBMSMapping)
2017-06-12 22:31:45.672 La columna ""simple"."SimpleObject"."id"" añadió a la representación de la table.
2017-06-12 22:31:45.673 Attempt to find JDBC driver 'typeInfo' for jdbc-type=BIGINT but sql-type=BIGINT is not found. Using default sql-type for this jdbc-type.
2017-06-12 22:31:45.673 Campo [DATASTORE_ID] -> Columnas ["simple"."SimpleObject"."id"] usando mapping del tipo "org.datanucleus.store.rdbms.mapping.java.DatastoreIdMapping" (org.datanucleus.store.rdbms.mapping.datastore.BigIntRDBMSMapping)
2017-06-12 22:31:45.673 La tabla "simple"."SimpleObject" va a manejar la persistencia de los campos de la clase domainapp.dom.simple.SimpleObject (estrategia de heredar="new-table")
2017-06-12 22:31:45.674 La columna ""simple"."SimpleObject"."apellido"" añadió a la representación de la table.
2017-06-12 22:31:45.676 Campo [domainapp.dom.simple.SimpleObject.apellido] -> Columnas ["simple"."SimpleObject"."apellido"] usando mapping del tipo "org.datanucleus.store.rdbms.mapping.java.StringMapping" (org.datanucleus.store.rdbms.mapping.datastore.VarCharRDBMSMapping)
2017-06-12 22:31:45.676 La columna ""simple"."SimpleObject"."dni"" añadió a la representación de la table.
2017-06-12 22:31:45.676 Campo [domainapp.dom.simple.SimpleObject.dni] -> Columnas ["simple"."SimpleObject"."dni"] usando mapping del tipo "org.datanucleus.store.rdbms.mapping.java.StringMapping" (org.datanucleus.store.rdbms.mapping.datastore.VarCharRDBMSMapping)
2017-06-12 22:31:45.677 La columna ""simple"."SimpleObject"."idActivo"" añadió a la representación de la table.
2017-06-12 22:31:45.677 Campo [domainapp.dom.simple.SimpleObject.idActivo] -> Columnas ["simple"."SimpleObject"."idActivo"] usando mapping del tipo "org.datanucleus.store.rdbms.mapping.java.StringMapping" (org.datanucleus.store.rdbms.mapping.datastore.VarCharRDBMSMapping)
2017-06-12 22:31:45.677 La columna ""simple"."SimpleObject"."name"" añadió a la representación de la table.
2017-06-12 22:31:45.677 Campo [domainapp.dom.simple.SimpleObject.name] -> Columnas ["simple"."SimpleObject"."name"] usando mapping del tipo "org.datanucleus.store.rdbms.mapping.java.StringMapping" (org.datanucleus.store.rdbms.mapping.datastore.VarCharRDBMSMapping)
2017-06-12 22:31:45.677 La columna ""simple"."SimpleObject"."notes"" añadió a la representación de la table.
2017-06-12 22:31:45.678 Campo [domainapp.dom.simple.SimpleObject.notes] -> Columnas ["simple"."SimpleObject"."notes"] usando mapping del tipo "org.datanucleus.store.rdbms.mapping.java.StringMapping" (org.datanucleus.store.rdbms.mapping.datastore.VarCharRDBMSMapping)
2017-06-12 22:31:45.680 La columna ""simple"."SimpleObject"."sexo"" añadió a la representación de la table.
2017-06-12 22:31:45.681 Campo [domainapp.dom.simple.SimpleObject.sexo] -> Columnas ["simple"."SimpleObject"."sexo"] usando mapping del tipo "org.datanucleus.store.rdbms.mapping.java.EnumMapping" (org.datanucleus.store.rdbms.mapping.datastore.VarCharRDBMSMapping)
2017-06-12 22:31:45.681 La columna ""simple"."SimpleObject"."version"" añadió a la representación de la table.
2017-06-12 22:31:45.682 Attempt to find JDBC driver 'typeInfo' for jdbc-type=TIMESTAMP but sql-type=TIMESTAMP is not found. Using default sql-type for this jdbc-type.
2017-06-12 22:31:45.682 Campo [VERSION] -> Columnas ["simple"."SimpleObject"."version"] usando mapping del tipo "org.datanucleus.store.rdbms.mapping.java.VersionTimestampMapping" (org.datanucleus.store.rdbms.mapping.datastore.TimestampRDBMSMapping)
2017-06-12 22:31:45.682 Table/View "simple"."SimpleObject" ha sido inicializado
2017-06-12 22:31:45.682 La tabla "simple"."Marca" va a manejar la persistencia de los campos de la clase domainapp.dom.marca.Marca (estrategia de heredar="new-table")
2017-06-12 22:31:45.682 La columna ""simple"."Marca"."nombre"" añadió a la representación de la table.
2017-06-12 22:31:45.682 Campo [domainapp.dom.marca.Marca.nombre] -> Columnas ["simple"."Marca"."nombre"] usando mapping del tipo "org.datanucleus.store.rdbms.mapping.java.StringMapping" (org.datanucleus.store.rdbms.mapping.datastore.VarCharRDBMSMapping)
2017-06-12 22:31:45.683 La columna ""simple"."Marca"."notes"" añadió a la representación de la table.
2017-06-12 22:31:45.683 Campo [domainapp.dom.marca.Marca.notes] -> Columnas ["simple"."Marca"."notes"] usando mapping del tipo "org.datanucleus.store.rdbms.mapping.java.StringMapping" (org.datanucleus.store.rdbms.mapping.datastore.VarCharRDBMSMapping)
2017-06-12 22:31:45.683 La columna ""simple"."Marca"."version"" añadió a la representación de la table.
2017-06-12 22:31:45.683 Attempt to find JDBC driver 'typeInfo' for jdbc-type=TIMESTAMP but sql-type=TIMESTAMP is not found. Using default sql-type for this jdbc-type.
2017-06-12 22:31:45.683 Campo [VERSION] -> Columnas ["simple"."Marca"."version"] usando mapping del tipo "org.datanucleus.store.rdbms.mapping.java.VersionTimestampMapping" (org.datanucleus.store.rdbms.mapping.datastore.TimestampRDBMSMapping)
2017-06-12 22:31:45.683 Table/View "simple"."Marca" ha sido inicializado
2017-06-12 22:31:45.686 Empezando transaccion del esquema con conneccion "org.datanucleus.store.rdbms.datasource.dbcp.PoolingDataSource$PoolGuardConnectionWrapper@75ac326f" y isolacion "serializable"
2017-06-12 22:31:45.688 Check of existence of "simple"."SimpleObject" returned table type of TABLE
2017-06-12 22:31:45.689 Cargando información de columna para las tablas "SimpleObject" por el Catalogo "", el Esquema "simple"
2017-06-12 22:31:45.698 Información de columna cargado por el Catalogo "", el Esquema "simple", 1 tablas, tiempo = 9 ms
2017-06-12 22:31:45.698 Información de columna cargado por la tabla "SimpleObject" : hemos encontrado 8 columnas
2017-06-12 22:31:45.701 Check of existence of "simple"."Marca" returned table type of TABLE
2017-06-12 22:31:45.701 Cargando información de columna para las tablas "Marca" por el Catalogo "", el Esquema "simple"
2017-06-12 22:31:45.704 Información de columna cargado por el Catalogo "", el Esquema "simple", 1 tablas, tiempo = 3 ms
2017-06-12 22:31:45.704 Información de columna cargado por la tabla "Marca" : hemos encontrado 4 columnas
2017-06-12 22:31:45.718 Validando 2 llaves unicas de la tabla "simple"."SimpleObject"
2017-06-12 22:31:45.751 Validando 0 foreign key(s) de la tabla "simple"."SimpleObject"
2017-06-12 22:31:45.756 Validando 2 indic(es) de la tabla "simple"."SimpleObject"
2017-06-12 22:31:45.760 Validando 2 llaves unicas de la tabla "simple"."Marca"
2017-06-12 22:31:45.780 Validando 0 foreign key(s) de la tabla "simple"."Marca"
2017-06-12 22:31:45.784 Validando 2 indic(es) de la tabla "simple"."Marca"
2017-06-12 22:31:45.784 Committing transaccion del esquema "org.datanucleus.store.rdbms.datasource.dbcp.PoolingDataSource$PoolGuardConnectionWrapper@75ac326f"
2017-06-12 22:31:45.784 Cerrando la conneccion de la transaccion del esquema "org.datanucleus.store.rdbms.datasource.dbcp.PoolingDataSource$PoolGuardConnectionWrapper@75ac326f"
2017-06-12 22:31:54.191 SELECT "A0"."apellido","A0"."dni","A0"."idActivo","A0"."name","A0"."notes","A0"."sexo","A0"."version" FROM "simple"."SimpleObject" "A0" WHERE "A0"."id" = <4>
2017-06-12 22:32:04.249 SELECT "A0"."apellido","A0"."dni","A0"."idActivo","A0"."name","A0"."notes","A0"."sexo","A0"."version" FROM "simple"."SimpleObject" "A0" WHERE "A0"."id" = <4>
